2024-04-01 03:56:06,210 INFO o.a.j.u.JMeterUtils: Setting Locale to en_EN
2024-04-01 03:56:06,221 INFO o.a.j.JMeter: Loading user properties from: /Users/mr.muradil/apache-jmeter-5.6.3/bin/user.properties
2024-04-01 03:56:06,221 INFO o.a.j.JMeter: Loading system properties from: /Users/mr.muradil/apache-jmeter-5.6.3/bin/system.properties
2024-04-01 03:56:06,223 INFO o.a.j.JMeter: Copyright (c) 1998-2024 The Apache Software Foundation
2024-04-01 03:56:06,223 INFO o.a.j.JMeter: Version 5.6.3
2024-04-01 03:56:06,223 INFO o.a.j.JMeter: java.version=17.0.8
2024-04-01 03:56:06,223 INFO o.a.j.JMeter: java.vm.name=Java HotSpot(TM) 64-Bit Server VM
2024-04-01 03:56:06,223 INFO o.a.j.JMeter: os.name=Mac OS X
2024-04-01 03:56:06,223 INFO o.a.j.JMeter: os.arch=aarch64
2024-04-01 03:56:06,223 INFO o.a.j.JMeter: os.version=14.4.1
2024-04-01 03:56:06,223 INFO o.a.j.JMeter: file.encoding=UTF-8
2024-04-01 03:56:06,224 INFO o.a.j.JMeter: java.awt.headless=null
2024-04-01 03:56:06,224 INFO o.a.j.JMeter: Max memory     =1073741824
2024-04-01 03:56:06,224 INFO o.a.j.JMeter: Available Processors =10
2024-04-01 03:56:06,228 INFO o.a.j.JMeter: Default Locale=English (EN)
2024-04-01 03:56:06,228 INFO o.a.j.JMeter: JMeter  Locale=English (EN)
2024-04-01 03:56:06,228 INFO o.a.j.JMeter: JMeterHome=/Users/mr.muradil/apache-jmeter-5.6.3
2024-04-01 03:56:06,228 INFO o.a.j.JMeter: user.dir  =/Users/mr.muradil
2024-04-01 03:56:06,228 INFO o.a.j.JMeter: PWD       =/Users/mr.muradil
2024-04-01 03:56:06,236 INFO o.a.j.JMeter: IP: 192.168.1.103 Name: 192.168.1.103 FullName: 192.168.1.103
2024-04-01 03:56:06,241 INFO o.a.j.JMeter: Loaded icon properties from org/apache/jmeter/images/icon.properties
2024-04-01 03:56:06,484 INFO o.a.j.JMeterGuiLauncher: Setting LAF to: com.github.weisj.darklaf.DarkLaf:com.github.weisj.darklaf.theme.DarculaTheme
2024-04-01 04:11:00,473 INFO o.a.j.p.h.s.HTTPSamplerBase: Parser for text/html is org.apache.jmeter.protocol.http.parser.LagartoBasedHtmlParser
2024-04-01 04:11:00,474 INFO o.a.j.p.h.s.HTTPSamplerBase: Parser for application/xhtml+xml is org.apache.jmeter.protocol.http.parser.LagartoBasedHtmlParser
2024-04-01 04:11:00,474 INFO o.a.j.p.h.s.HTTPSamplerBase: Parser for application/xml is org.apache.jmeter.protocol.http.parser.LagartoBasedHtmlParser
2024-04-01 04:11:00,474 INFO o.a.j.p.h.s.HTTPSamplerBase: Parser for text/xml is org.apache.jmeter.protocol.http.parser.LagartoBasedHtmlParser
2024-04-01 04:11:00,474 INFO o.a.j.p.h.s.HTTPSamplerBase: Parser for text/vnd.wap.wml is org.apache.jmeter.protocol.http.parser.RegexpHTMLParser
2024-04-01 04:11:00,474 INFO o.a.j.p.h.s.HTTPSamplerBase: Parser for text/css is org.apache.jmeter.protocol.http.parser.CssParser
2024-04-07 04:05:25,157 INFO o.a.j.s.FileServer: Default base='/Users/mr.muradil'
2024-04-07 04:05:25,160 INFO o.a.j.s.FileServer: Set new base='/Users/mr.muradil/apache-jmeter-5.6.3/untitled folder'
2024-04-07 04:05:25,255 INFO o.a.j.s.SaveService: Testplan (JMX) version: 2.2. Testlog (JTL) version: 2.2
2024-04-07 04:05:25,270 INFO o.a.j.s.SaveService: Using SaveService properties version 5.0
2024-04-07 04:05:25,271 INFO o.a.j.s.SaveService: Using SaveService properties file encoding UTF-8
